<?xml version="1.0" encoding="UTF-8"?>
<testng-results ignored="0" total="4" passed="3" failed="1" skipped="0">
  <reporter-output>
  </reporter-output>
  <suite started-at="2023-11-17T23:01:05 IST" name="Execution Flow Demo Suite" finished-at="2023-11-17T23:01:26 IST" duration-ms="20526">
    <groups>
    </groups>
    <test started-at="2023-11-17T23:01:05 IST" name="Test" finished-at="2023-11-17T23:01:26 IST" duration-ms="20526">
      <class name="com.tesing.executionflow.PaymentFlowTest">
        <test-method is-config="true" signature="testSetupSteps()[pri:0, instance:com.tesing.executionflow.PaymentFlowTest@34a3d150]" started-at="2023-11-17T23:01:05 IST" name="testSetupSteps" finished-at="2023-11-17T23:01:05 IST" duration-ms="1" status="PASS">
          <reporter-output>
          </reporter-output>
        </test-method> <!-- testSetupSteps -->
        <test-method is-config="true" signature="createNewBrowserStep()[pri:0, instance:com.tesing.executionflow.PaymentFlowTest@34a3d150]" started-at="2023-11-17T23:01:05 IST" name="createNewBrowserStep" finished-at="2023-11-17T23:01:07 IST" duration-ms="1260" status="PASS">
          <reporter-output>
          </reporter-output>
        </test-method> <!-- createNewBrowserStep -->
        <test-method signature="addItemToCartTest()[pri:0, instance:com.tesing.executionflow.PaymentFlowTest@34a3d150]" started-at="2023-11-17T23:01:07 IST" name="addItemToCartTest" finished-at="2023-11-17T23:01:24 IST" duration-ms="17911" status="PASS">
          <reporter-output>
          </reporter-output>
        </test-method> <!-- addItemToCartTest -->
        <test-method is-config="true" signature="closeBrowser()[pri:0, instance:com.tesing.executionflow.PaymentFlowTest@34a3d150]" started-at="2023-11-17T23:01:24 IST" name="closeBrowser" finished-at="2023-11-17T23:01:25 IST" duration-ms="310" status="PASS">
          <reporter-output>
          </reporter-output>
        </test-method> <!-- closeBrowser -->
        <test-method is-config="true" signature="createNewBrowserStep()[pri:0, instance:com.tesing.executionflow.PaymentFlowTest@34a3d150]" started-at="2023-11-17T23:01:25 IST" name="createNewBrowserStep" finished-at="2023-11-17T23:01:26 IST" duration-ms="799" status="PASS">
          <reporter-output>
          </reporter-output>
        </test-method> <!-- createNewBrowserStep -->
        <test-method signature="checkoutTest()[pri:0, instance:com.tesing.executionflow.PaymentFlowTest@34a3d150]" started-at="2023-11-17T23:01:26 IST" name="checkoutTest" finished-at="2023-11-17T23:01:26 IST" duration-ms="15" status="FAIL">
          <exception class="java.lang.AssertionError">
            <message>
              <![CDATA[expected [false] but found [true]]]>
            </message>
            <full-stacktrace>
              <![CDATA[java.lang.AssertionError: expected [false] but found [true]
at org.testng.Assert.fail(Assert.java:110)
at org.testng.Assert.failNotEquals(Assert.java:1577)
at org.testng.Assert.assertEqualsImpl(Assert.java:149)
at org.testng.Assert.assertEquals(Assert.java:131)
at org.testng.Assert.assertEquals(Assert.java:1066)
at org.testng.Assert.assertEquals(Assert.java:1030)
at org.testng.Assert.assertEquals(Assert.java:1076)
at com.tesing.executionflow.PaymentFlowTest.checkoutTest(PaymentFlowTest.java:44)
at java.base/jdk.internal.reflect.DirectMethodHandleAccessor.invoke(DirectMethodHandleAccessor.java:104)
at java.base/java.lang.reflect.Method.invoke(Method.java:578)
at org.testng.internal.invokers.MethodInvocationHelper.invokeMethod(MethodInvocationHelper.java:139)
at org.testng.internal.invokers.TestInvoker.invokeMethod(TestInvoker.java:677)
at org.testng.internal.invokers.TestInvoker.invokeTestMethod(TestInvoker.java:221)
at org.testng.internal.invokers.MethodRunner.runInSequence(MethodRunner.java:50)
at org.testng.internal.invokers.TestInvoker$MethodInvocationAgent.invoke(TestInvoker.java:969)
at org.testng.internal.invokers.TestInvoker.invokeTestMethods(TestInvoker.java:194)
at org.testng.internal.invokers.TestMethodWorker.invokeTestMethods(TestMethodWorker.java:148)
at org.testng.internal.invokers.TestMethodWorker.run(TestMethodWorker.java:128)
at java.base/java.util.ArrayList.forEach(ArrayList.java:1511)
at org.testng.TestRunner.privateRun(TestRunner.java:829)
at org.testng.TestRunner.run(TestRunner.java:602)
at org.testng.SuiteRunner.runTest(SuiteRunner.java:437)
at org.testng.SuiteRunner.runSequentially(SuiteRunner.java:431)
at org.testng.SuiteRunner.privateRun(SuiteRunner.java:391)
at org.testng.SuiteRunner.run(SuiteRunner.java:330)
at org.testng.SuiteRunnerWorker.runSuite(SuiteRunnerWorker.java:52)
at org.testng.SuiteRunnerWorker.run(SuiteRunnerWorker.java:95)
at org.testng.TestNG.runSuitesSequentially(TestNG.java:1256)
at org.testng.TestNG.runSuitesLocally(TestNG.java:1176)
at org.testng.TestNG.runSuites(TestNG.java:1099)
at org.testng.TestNG.run(TestNG.java:1067)
at org.testng.remote.AbstractRemoteTestNG.run(AbstractRemoteTestNG.java:115)
at org.testng.remote.RemoteTestNG.initAndRun(RemoteTestNG.java:251)
at org.testng.remote.RemoteTestNG.main(RemoteTestNG.java:77)
]]>
            </full-stacktrace>
          </exception> <!-- java.lang.AssertionError -->
          <reporter-output>
          </reporter-output>
        </test-method> <!-- checkoutTest -->
        <test-method is-config="true" signature="closeBrowser()[pri:0, instance:com.tesing.executionflow.PaymentFlowTest@34a3d150]" started-at="2023-11-17T23:01:26 IST" name="closeBrowser" finished-at="2023-11-17T23:01:26 IST" duration-ms="154" status="PASS">
          <reporter-output>
          </reporter-output>
        </test-method> <!-- closeBrowser -->
      </class> <!-- com.tesing.executionflow.PaymentFlowTest -->
      <class name="com.tesing.executionflow.FlowExecutionTest">
        <test-method is-config="true" signature="beforeTest()[pri:0, instance:com.tesing.executionflow.FlowExecutionTest@368f2016]" started-at="2023-11-17T23:01:05 IST" name="beforeTest" finished-at="2023-11-17T23:01:05 IST" duration-ms="9" status="PASS">
          <reporter-output>
          </reporter-output>
        </test-method> <!-- beforeTest -->
        <test-method is-config="true" signature="beforeMethod()[pri:0, instance:com.tesing.executionflow.FlowExecutionTest@368f2016]" started-at="2023-11-17T23:01:26 IST" name="beforeMethod" finished-at="2023-11-17T23:01:26 IST" duration-ms="1" status="PASS">
          <reporter-output>
          </reporter-output>
        </test-method> <!-- beforeMethod -->
        <test-method signature="test1()[pri:0, instance:com.tesing.executionflow.FlowExecutionTest@368f2016]" started-at="2023-11-17T23:01:26 IST" name="test1" finished-at="2023-11-17T23:01:26 IST" duration-ms="1" status="PASS">
          <reporter-output>
          </reporter-output>
        </test-method> <!-- test1 -->
        <test-method is-config="true" signature="afterMethod()[pri:0, instance:com.tesing.executionflow.FlowExecutionTest@368f2016]" started-at="2023-11-17T23:01:26 IST" name="afterMethod" finished-at="2023-11-17T23:01:26 IST" duration-ms="0" status="PASS">
          <reporter-output>
          </reporter-output>
        </test-method> <!-- afterMethod -->
        <test-method is-config="true" signature="beforeMethod()[pri:0, instance:com.tesing.executionflow.FlowExecutionTest@368f2016]" started-at="2023-11-17T23:01:26 IST" name="beforeMethod" finished-at="2023-11-17T23:01:26 IST" duration-ms="1" status="PASS">
          <reporter-output>
          </reporter-output>
        </test-method> <!-- beforeMethod -->
        <test-method signature="test2()[pri:0, instance:com.tesing.executionflow.FlowExecutionTest@368f2016]" started-at="2023-11-17T23:01:26 IST" name="test2" finished-at="2023-11-17T23:01:26 IST" duration-ms="2" status="PASS">
          <reporter-output>
          </reporter-output>
        </test-method> <!-- test2 -->
        <test-method is-config="true" signature="afterMethod()[pri:0, instance:com.tesing.executionflow.FlowExecutionTest@368f2016]" started-at="2023-11-17T23:01:26 IST" name="afterMethod" finished-at="2023-11-17T23:01:26 IST" duration-ms="1" status="PASS">
          <reporter-output>
          </reporter-output>
        </test-method> <!-- afterMethod -->
        <test-method is-config="true" signature="afterTest()[pri:0, instance:com.tesing.executionflow.FlowExecutionTest@368f2016]" started-at="2023-11-17T23:01:26 IST" name="afterTest" finished-at="2023-11-17T23:01:26 IST" duration-ms="0" status="PASS">
          <reporter-output>
          </reporter-output>
        </test-method> <!-- afterTest -->
      </class> <!-- com.tesing.executionflow.FlowExecutionTest -->
    </test> <!-- Test -->
  </suite> <!-- Execution Flow Demo Suite -->
</testng-results>
