<?xml version="1.0" encoding="UTF-8"?>
<!-- Generated by org.testng.reporters.JUnitXMLReporter -->
<testsuite ignored="0" hostname="Jayadevnath" failures="1" tests="4" name="Test" time="20.526" errors="0" timestamp="2023-11-17T23:01:26 IST">
  <testcase classname="com.tesing.executionflow.PaymentFlowTest" name="addItemToCartTest" time="17.911"/>
  <testcase classname="com.tesing.executionflow.PaymentFlowTest" name="checkoutTest" time="0.015">
    <failure type="java.lang.AssertionError" message="expected [false] but found [true]">
      <![CDATA[java.lang.AssertionError: expected [false] but found [true]
at com.tesing.executionflow.PaymentFlowTest.checkoutTest(PaymentFlowTest.java:44)
at java.base/java.util.ArrayList.forEach(ArrayList.java:1511)
... Removed 32 stack frames]]>
    </failure>
  </testcase> <!-- checkoutTest -->
  <testcase classname="com.tesing.executionflow.FlowExecutionTest" name="test1" time="0.001"/>
  <testcase classname="com.tesing.executionflow.FlowExecutionTest" name="test2" time="0.002"/>
</testsuite> <!-- Test -->
